
> react-app@0.1.0 start
> react-scripts start

Starting the development server...

Compiled successfully!

You can now view react-app in the browser.

  Local:            http://localhost:3001
  On Your Network:  http://192.168.56.1:3001

Note that the development build is not optimized.
To create a production build, use npm run build.

webpack compiled [1m[32msuccessfully[39m[22m
Compiling...
Failed to compile.

[eslint] 
src\components\SubHeader.js
  Line 376:17:  'routesExpanded' is not defined     no-undef
  Line 383:17:  'setRoutesExpanded' is not defined  no-undef

Search for the keywords to learn more about each error.
[1m[33mWARNING[39m[22m in [1m[eslint] 
src\components\SubHeader.js
  Line 118:10:  'placesExpanded' is assigned a value but never used  no-unused-vars

[39m[22m

[1m[31mERROR[39m[22m in [1m[eslint] 
src\components\SubHeader.js
  Line 376:17:  'routesExpanded' is not defined     no-undef
  Line 383:17:  'setRoutesExpanded' is not defined  no-undef

Search for the keywords to learn more about each [1m[31merror[39m[22m[1m.[39m[22m

webpack compiled with [1m[31m1 error[39m[22m and [1m[33m1 warning[39m[22m
Compiling...
Failed to compile.

[eslint] 
src\components\SubHeader.js
  Line 380:17:  'routesExpanded' is not defined     no-undef
  Line 387:17:  'setRoutesExpanded' is not defined  no-undef

Search for the keywords to learn more about each error.
[1m[33mWARNING[39m[22m in [1m[eslint] 
src\components\SubHeader.js
  Line 118:10:  'placesExpanded' is assigned a value but never used  no-unused-vars
  Line 246:9:   'placeLayers' is assigned a value but never used     no-unused-vars

[39m[22m

[1m[31mERROR[39m[22m in [1m[eslint] 
src\components\SubHeader.js
  Line 380:17:  'routesExpanded' is not defined     no-undef
  Line 387:17:  'setRoutesExpanded' is not defined  no-undef

Search for the keywords to learn more about each [1m[31merror[39m[22m[1m.[39m[22m

webpack compiled with [1m[31m1 error[39m[22m and [1m[33m1 warning[39m[22m
Compiling...
Compiled successfully!
webpack compiled [1m[32msuccessfully[39m[22m
Compiling...
Compiled successfully!
webpack compiled [1m[32msuccessfully[39m[22m
Compiling...
Compiled with warnings.

[eslint] 
src\components\SubHeader.js
  Line 121:9:  'syncMainRouteToggle' is assigned a value but never used  no-unused-vars

Search for the keywords to learn more about each warning.
To ignore, add // eslint-disable-next-line to the line before.

[1m[33mWARNING[39m[22m in [1m[eslint] 
src\components\SubHeader.js
  Line 121:9:  'syncMainRouteToggle' is assigned a value but never used  no-unused-vars

[39m[22m

webpack compiled with [1m[33m1 warning[39m[22m
Compiling...
Compiled successfully!
webpack compiled [1m[32msuccessfully[39m[22m
Compiling...
Compiled successfully!
webpack compiled [1m[32msuccessfully[39m[22m
